0 info it worked if it ends with ok
<<<<<<< HEAD
1 verbose cli [ '/home/scottdomes/.nvm/versions/v5.1.1/bin/node',
1 verbose cli   '/home/scottdomes/.nvm/versions/v5.1.1/bin/npm',
1 verbose cli   'run',
1 verbose cli   'devserve' ]
2 info using npm@3.3.12
3 info using node@v5.1.1
4 verbose run-script [ 'predevserve', 'devserve', 'postdevserve' ]
5 info lifecycle final-project@1.0.0~predevserve: final-project@1.0.0
6 silly lifecycle final-project@1.0.0~predevserve: no script for predevserve, continuing
7 info lifecycle final-project@1.0.0~devserve: final-project@1.0.0
8 verbose lifecycle final-project@1.0.0~devserve: unsafe-perm in lifecycle true
9 verbose lifecycle final-project@1.0.0~devserve: PATH: /home/scottdomes/.nvm/versions/v5.1.1/lib/node_modules/npm/bin/node-gyp-bin:/home/scottdomes/webdev/final-project-frontend/node_modules/.bin:/home/scottdomes/.nvm/versions/v5.1.1/bin:/var/lib/mongodb/mongodb-linux-x86_64-3.2.4/bin:/usr/local/heroku/bin:/usr/local/sbin:/usr/local/bin:/usr/sbin:/usr/bin:/sbin:/bin:/usr/games:/usr/local/games
10 verbose lifecycle final-project@1.0.0~devserve: CWD: /home/scottdomes/webdev/final-project-frontend
11 silly lifecycle final-project@1.0.0~devserve: Args: [ '-c',
11 silly lifecycle   'webpack-dev-server -d --config webpack.config.js --content-base public/ --progress --colors --port 3001 --hostname 0.0.0.0 --history-api-fallback' ]
12 silly lifecycle final-project@1.0.0~devserve: Returned: code: 1  signal: null
13 info lifecycle final-project@1.0.0~devserve: Failed to exec devserve script
14 verbose stack Error: final-project@1.0.0 devserve: `webpack-dev-server -d --config webpack.config.js --content-base public/ --progress --colors --port 3001 --hostname 0.0.0.0 --history-api-fallback`
14 verbose stack Exit status 1
14 verbose stack     at EventEmitter.<anonymous> (/home/scottdomes/.nvm/versions/v5.1.1/lib/node_modules/npm/lib/utils/lifecycle.js:232:16)
14 verbose stack     at emitTwo (events.js:87:13)
14 verbose stack     at EventEmitter.emit (events.js:172:7)
14 verbose stack     at ChildProcess.<anonymous> (/home/scottdomes/.nvm/versions/v5.1.1/lib/node_modules/npm/lib/utils/spawn.js:24:14)
14 verbose stack     at emitTwo (events.js:87:13)
14 verbose stack     at ChildProcess.emit (events.js:172:7)
14 verbose stack     at maybeClose (internal/child_process.js:818:16)
14 verbose stack     at Process.ChildProcess._handle.onexit (internal/child_process.js:211:5)
15 verbose pkgid final-project@1.0.0
16 verbose cwd /home/scottdomes/webdev/final-project-frontend
17 error Linux 3.19.0-58-generic
18 error argv "/home/scottdomes/.nvm/versions/v5.1.1/bin/node" "/home/scottdomes/.nvm/versions/v5.1.1/bin/npm" "run" "devserve"
19 error node v5.1.1
20 error npm  v3.3.12
21 error code ELIFECYCLE
22 error final-project@1.0.0 devserve: `webpack-dev-server -d --config webpack.config.js --content-base public/ --progress --colors --port 3001 --hostname 0.0.0.0 --history-api-fallback`
22 error Exit status 1
23 error Failed at the final-project@1.0.0 devserve script 'webpack-dev-server -d --config webpack.config.js --content-base public/ --progress --colors --port 3001 --hostname 0.0.0.0 --history-api-fallback'.
23 error Make sure you have the latest version of node.js and npm installed.
23 error If you do, this is most likely a problem with the final-project package,
23 error not with npm itself.
23 error Tell the author that this fails on your system:
23 error     webpack-dev-server -d --config webpack.config.js --content-base public/ --progress --colors --port 3001 --hostname 0.0.0.0 --history-api-fallback
23 error You can get their info via:
23 error     npm owner ls final-project
23 error There is likely additional logging output above.
24 verbose exit [ 1, true ]
=======
1 verbose cli [ '/Users/Alvin/.nvm/versions/v5.10.1/bin/node',
1 verbose cli   '/Users/Alvin/.nvm/versions/v5.10.1/bin/npm',
1 verbose cli   'run',
1 verbose cli   'devserver' ]
2 info using npm@3.8.3
3 info using node@v5.10.1
4 verbose stack Error: missing script: devserver
4 verbose stack     at run (/Users/Alvin/.nvm/versions/v5.10.1/lib/node_modules/npm/lib/run-script.js:147:19)
4 verbose stack     at /Users/Alvin/.nvm/versions/v5.10.1/lib/node_modules/npm/lib/run-script.js:57:5
4 verbose stack     at /Users/Alvin/.nvm/versions/v5.10.1/lib/node_modules/npm/node_modules/read-package-json/read-json.js:345:5
4 verbose stack     at checkBinReferences_ (/Users/Alvin/.nvm/versions/v5.10.1/lib/node_modules/npm/node_modules/read-package-json/read-json.js:309:45)
4 verbose stack     at final (/Users/Alvin/.nvm/versions/v5.10.1/lib/node_modules/npm/node_modules/read-package-json/read-json.js:343:3)
4 verbose stack     at then (/Users/Alvin/.nvm/versions/v5.10.1/lib/node_modules/npm/node_modules/read-package-json/read-json.js:113:5)
4 verbose stack     at /Users/Alvin/.nvm/versions/v5.10.1/lib/node_modules/npm/node_modules/read-package-json/read-json.js:300:12
4 verbose stack     at /Users/Alvin/.nvm/versions/v5.10.1/lib/node_modules/npm/node_modules/graceful-fs/graceful-fs.js:78:16
4 verbose stack     at tryToString (fs.js:414:3)
4 verbose stack     at FSReqWrap.readFileAfterClose [as oncomplete] (fs.js:401:12)
5 verbose cwd /Users/Alvin/lighthouse/final-project-frontend
6 error Darwin 14.5.0
7 error argv "/Users/Alvin/.nvm/versions/v5.10.1/bin/node" "/Users/Alvin/.nvm/versions/v5.10.1/bin/npm" "run" "devserver"
8 error node v5.10.1
9 error npm  v3.8.3
10 error missing script: devserver
11 error If you need help, you may report this error at:
11 error     <https://github.com/npm/npm/issues>
12 verbose exit [ 1, true ]
>>>>>>> 484fc347ddd24a5324abc01dc2c2a6ba1bbf8aa4
